<?xml version="1.0" encoding="UTF-8"?>
<testsuite name="uk.gov.hmcts.futurehearings.hmi.smoke.HmiApiSmokeTest" tests="1" skipped="0" failures="0" errors="0" timestamp="2020-07-23T14:44:25" hostname="Pettedsons-MBP.broadband" time="1.836">
  <properties/>
  <testcase name="testSuccessfulHmiApiGet()" classname="uk.gov.hmcts.futurehearings.hmi.smoke.HmiApiSmokeTest" time="1.836"/>
  <system-out><![CDATA[2020-07-23T15:44:25.044 INFO  [Test worker] o.s.b.t.context.SpringBootTestContextBootstrapper Neither @ContextConfiguration nor @ContextHierarchy found for test class [uk.gov.hmcts.futurehearings.hmi.smoke.HmiApiSmokeTest], using SpringBootContextLoader
2020-07-23T15:44:25.045 INFO  [Test worker] o.s.test.context.support.AbstractContextLoader Could not detect default resource locations for test class [uk.gov.hmcts.futurehearings.hmi.smoke.HmiApiSmokeTest]: no resource found for suffixes {-context.xml, Context.groovy}.
2020-07-23T15:44:25.050 INFO  [Test worker] o.s.b.t.context.SpringBootTestContextBootstrapper Loaded default TestExecutionListener class names from location [META-INF/spring.factories]: [org.springframework.boot.test.autoconfigure.restdocs.RestDocsTestExecutionListener, org.springframework.boot.test.autoconfigure.web.client.MockRestServiceServerResetTestExecutionListener, org.springframework.boot.test.autoconfigure.web.servlet.MockMvcPrintOnlyOnFailureTestExecutionListener, org.springframework.boot.test.autoconfigure.web.servlet.WebDriverTestExecutionListener, org.springframework.boot.test.autoconfigure.webservices.client.MockWebServiceServerTestExecutionListener, org.springframework.boot.test.mock.mockito.MockitoTestExecutionListener, org.springframework.boot.test.mock.mockito.ResetMocksTestExecutionListener, org.springframework.test.context.web.ServletTestExecutionListener, org.springframework.test.context.support.DirtiesContextBeforeModesTestExecutionListener, org.springframework.test.context.support.DependencyInjectionTestExecutionListener, org.springframework.test.context.support.DirtiesContextTestExecutionListener, org.springframework.test.context.transaction.TransactionalTestExecutionListener, org.springframework.test.context.jdbc.SqlScriptsTestExecutionListener, org.springframework.test.context.event.EventPublishingTestExecutionListener]
2020-07-23T15:44:25.052 INFO  [Test worker] o.s.b.t.context.SpringBootTestContextBootstrapper Using TestExecutionListeners: [org.springframework.test.context.web.ServletTestExecutionListener@150abd4d, org.springframework.test.context.support.DirtiesContextBeforeModesTestExecutionListener@62ca98ce, org.springframework.boot.test.mock.mockito.MockitoTestExecutionListener@54929ba2, org.springframework.boot.test.autoconfigure.SpringBootDependencyInjectionTestExecutionListener@78281745, org.springframework.test.context.support.DirtiesContextTestExecutionListener@38083dd8, org.springframework.test.context.event.EventPublishingTestExecutionListener@eb2deff, org.springframework.boot.test.autoconfigure.restdocs.RestDocsTestExecutionListener@4ebd0b00, org.springframework.boot.test.autoconfigure.web.client.MockRestServiceServerResetTestExecutionListener@7697bfad, org.springframework.boot.test.autoconfigure.web.servlet.MockMvcPrintOnlyOnFailureTestExecutionListener@f08aa5a, org.springframework.boot.test.autoconfigure.web.servlet.WebDriverTestExecutionListener@1755c862, org.springframework.boot.test.autoconfigure.webservices.client.MockWebServiceServerTestExecutionListener@31962483, org.springframework.boot.test.mock.mockito.ResetMocksTestExecutionListener@7a379fcb]
]]></system-out>
  <system-err><![CDATA[]]></system-err>
</testsuite>
