<?xml version="1.0" encoding="UTF-8"?>
<testsuite name="uk.gov.hmcts.futurehearings.hmi.smoke.hearing.HearingApiSmokeTest" tests="1" skipped="1" failures="0" errors="0" timestamp="2020-07-23T14:44:25" hostname="Pettedsons-MBP.broadband" time="0.0">
  <properties/>
  <testcase name="testSuccessfulHearingApiGet()" classname="uk.gov.hmcts.futurehearings.hmi.smoke.hearing.HearingApiSmokeTest" time="0.0">
    <skipped/>
  </testcase>
  <system-out><![CDATA[2020-07-23T15:44:19.247 INFO  [Test worker] o.s.b.t.context.SpringBootTestContextBootstrapper Neither @ContextConfiguration nor @ContextHierarchy found for test class [uk.gov.hmcts.futurehearings.hmi.smoke.hearing.HearingApiSmokeTest], using SpringBootContextLoader
2020-07-23T15:44:19.254 INFO  [Test worker] o.s.test.context.support.AbstractContextLoader Could not detect default resource locations for test class [uk.gov.hmcts.futurehearings.hmi.smoke.hearing.HearingApiSmokeTest]: no resource found for suffixes {-context.xml, Context.groovy}.
2020-07-23T15:44:19.526 INFO  [Test worker] o.s.b.t.context.SpringBootTestContextBootstrapper Loaded default TestExecutionListener class names from location [META-INF/spring.factories]: [org.springframework.boot.test.autoconfigure.restdocs.RestDocsTestExecutionListener, org.springframework.boot.test.autoconfigure.web.client.MockRestServiceServerResetTestExecutionListener, org.springframework.boot.test.autoconfigure.web.servlet.MockMvcPrintOnlyOnFailureTestExecutionListener, org.springframework.boot.test.autoconfigure.web.servlet.WebDriverTestExecutionListener, org.springframework.boot.test.autoconfigure.webservices.client.MockWebServiceServerTestExecutionListener, org.springframework.boot.test.mock.mockito.MockitoTestExecutionListener, org.springframework.boot.test.mock.mockito.ResetMocksTestExecutionListener, org.springframework.test.context.web.ServletTestExecutionListener, org.springframework.test.context.support.DirtiesContextBeforeModesTestExecutionListener, org.springframework.test.context.support.DependencyInjectionTestExecutionListener, org.springframework.test.context.support.DirtiesContextTestExecutionListener, org.springframework.test.context.transaction.TransactionalTestExecutionListener, org.springframework.test.context.jdbc.SqlScriptsTestExecutionListener, org.springframework.test.context.event.EventPublishingTestExecutionListener]
2020-07-23T15:44:19.543 INFO  [Test worker] o.s.b.t.context.SpringBootTestContextBootstrapper Using TestExecutionListeners: [org.springframework.test.context.web.ServletTestExecutionListener@3f6b676a, org.springframework.test.context.support.DirtiesContextBeforeModesTestExecutionListener@2b6b7de4, org.springframework.boot.test.mock.mockito.MockitoTestExecutionListener@7273b4dc, org.springframework.boot.test.autoconfigure.SpringBootDependencyInjectionTestExecutionListener@5e51ae92, org.springframework.test.context.support.DirtiesContextTestExecutionListener@3a65c205, org.springframework.test.context.event.EventPublishingTestExecutionListener@4a111cf0, org.springframework.boot.test.autoconfigure.restdocs.RestDocsTestExecutionListener@252b843a, org.springframework.boot.test.autoconfigure.web.client.MockRestServiceServerResetTestExecutionListener@76dd9b33, org.springframework.boot.test.autoconfigure.web.servlet.MockMvcPrintOnlyOnFailureTestExecutionListener@62bc1a07, org.springframework.boot.test.autoconfigure.web.servlet.WebDriverTestExecutionListener@20086c3c, org.springframework.boot.test.autoconfigure.webservices.client.MockWebServiceServerTestExecutionListener@597b2653, org.springframework.boot.test.mock.mockito.ResetMocksTestExecutionListener@43653a4c]

  .   ____          _            __ _ _
 /\\ / ___'_ __ _ _(_)_ __  __ _ \ \ \ \
( ( )\___ | '_ | '_| | '_ \/ _` | \ \ \ \
 \\/  ___)| |_)| | | | | || (_| |  ) ) ) )
  '  |____| .__|_| |_|_| |_\__, | / / / /
 =========|_|==============|___/=/_/_/_/
 :: Spring Boot ::        (v2.3.1.RELEASE)

2020-07-23T15:44:20.829 INFO  [Test worker] o.s.c.b.c.PropertySourceBootstrapConfiguration Located property source: [BootstrapPropertySource {name='bootstrapProperties-propertiesvolume.null'}]
2020-07-23T15:44:20.843 INFO  [Test worker] u.g.h.f.hmi.smoke.hearing.HearingApiSmokeTest The following profiles are active: smoke
2020-07-23T15:44:22.003 WARN  [Test worker] o.springframework.boot.actuate.endpoint.EndpointId Endpoint ID 'hystrix.stream' contains invalid characters, please migrate to a valid format.
2020-07-23T15:44:22.110 INFO  [Test worker] o.springframework.cloud.context.scope.GenericScope BeanFactory id=23936f7e-dd59-3c8c-ba8d-6845dd4aeb54
2020-07-23T15:44:23.242 WARN  [Test worker] com.netflix.config.sources.URLConfigurationSource No URLs will be polled as dynamic configuration sources.
2020-07-23T15:44:23.243 INFO  [Test worker] com.netflix.config.sources.URLConfigurationSource To enable URLs as dynamic configuration sources, define System property archaius.configurationSource.additionalUrls or make config.properties available on classpath.
2020-07-23T15:44:23.261 INFO  [Test worker] com.netflix.config.DynamicPropertyFactory DynamicPropertyFactory is initialized with configuration sources: com.netflix.config.ConcurrentCompositeConfiguration@485cb869
2020-07-23T15:44:23.619 INFO  [Test worker] o.s.b.actuate.endpoint.web.EndpointLinksResolver Exposing 2 endpoint(s) beneath base path '/actuator'
2020-07-23T15:44:23.768 INFO  [Test worker] s.d.s.w.PropertySourcedRequestMappingHandlerMapping Mapped URL path [/v2/api-docs] onto method [springfox.documentation.swagger2.web.Swagger2Controller#getDocumentation(String, HttpServletRequest)]
2020-07-23T15:44:23.916 WARN  [Test worker] o.s.c.netflix.archaius.ArchaiusAutoConfiguration No spring.application.name found, defaulting to 'application'
2020-07-23T15:44:23.917 WARN  [Test worker] com.netflix.config.sources.URLConfigurationSource No URLs will be polled as dynamic configuration sources.
2020-07-23T15:44:23.917 INFO  [Test worker] com.netflix.config.sources.URLConfigurationSource To enable URLs as dynamic configuration sources, define System property archaius.configurationSource.additionalUrls or make config.properties available on classpath.
2020-07-23T15:44:24.092 INFO  [Test worker] o.s.scheduling.concurrent.ThreadPoolTaskExecutor Initializing ExecutorService 'applicationTaskExecutor'
2020-07-23T15:44:24.656 INFO  [Test worker] s.d.s.web.plugins.DocumentationPluginsBootstrapper Context refreshed
2020-07-23T15:44:24.685 INFO  [Test worker] s.d.s.web.plugins.DocumentationPluginsBootstrapper Found 1 custom documentation plugin(s)
2020-07-23T15:44:24.765 INFO  [Test worker] s.d.spring.web.scanners.ApiListingReferenceScanner Scanning for api listing references
2020-07-23T15:44:24.942 INFO  [Test worker] u.g.h.f.hmi.smoke.hearing.HearingApiSmokeTest Started HearingApiSmokeTest in 5.334 seconds (JVM running for 7.587)
]]></system-out>
  <system-err><![CDATA[]]></system-err>
</testsuite>
